make all --print-data-base --no-builtin-variables --no-builtin-rules --question
# GNU Make 3.81
# Copyright (C) 2006  Free Software Foundation, Inc.
# This is free software; see the source for copying conditions.
# There is NO warranty; not even for MERCHANTABILITY or FITNESS FOR A
# PARTICULAR PURPOSE.

# This program built for i386-apple-darwin11.3.0
 

# Make data base, printed on Thu Mar 24 18:33:17 2022

# Variables

# automatic
<D = $(patsubst %/,%,$(dir $<))
# automatic
?F = $(notdir $?)
# environment
VSCODE_LOG_NATIVE = false
# automatic
?D = $(patsubst %/,%,$(dir $?))
# automatic
@D = $(patsubst %/,%,$(dir $@))
# automatic
@F = $(notdir $@)
# makefile
CURDIR := /Users/lsinistr/ft_container
# makefile
SHELL = /bin/sh
# makefile (from `Makefile', line 16)
RM = rm -rf
# environment
VSCODE_NLS_CONFIG = {"locale":"en-us","availableLanguages":{},"_languagePackSupport":true}
# environment
_ = /usr/bin/make
# makefile (from `Makefile', line 1)
MAKEFILE_LIST :=  Makefile
# environment
VSCODE_VERBOSE_LOGGING = true
# makefile (from `Makefile', line 5)
OBJS = $(patsubst %.cpp, %.o, $(SRCS))
# environment
VSCODE_IPC_HOOK_EXTHOST = /var/folders/zz/zyxvpxvq6csfxvn_n0001n9h000d_c/T/vscode-ipc-63e33a44-5eb6-4eb5-8332-99074083b025.sock
# environment
VSCODE_CWD = /
# environment
Apple_PubSub_Socket_Render = /private/tmp/com.apple.launchd.ObMLNQsuE0/Render
# environment
PATH = /usr/bin:/bin:/usr/sbin:/sbin
# environment
VSCODE_LOG_STACK = false
# environment
ELECTRON_RUN_AS_NODE = 1
# default
.FEATURES := target-specific order-only second-expansion else-if archives jobserver check-symlink
# environment
SSH_AUTH_SOCK = /private/tmp/com.apple.launchd.CueX4mUCcK/Listeners
# automatic
%F = $(notdir $%)
# environment
DISPLAY = /private/tmp/com.apple.launchd.OQEmrhi40t/org.xquartz:0
# environment
VSCODE_PIPE_LOGGING = true
# environment
PWD = /Users/lsinistr/ft_container
# environment
ORIGINAL_XDG_CURRENT_DESKTOP = undefined
# environment
VSCODE_AMD_ENTRYPOINT = vs/workbench/services/extensions/node/extensionHostProcess
# environment
HOME = /Users/lsinistr
# default
MAKEFILEPATH := /Applications/Xcode.app/Contents/Developer/Makefiles
# environment
VSCODE_CODE_CACHE_PATH = /Users/lsinistr/Library/Application Support/Code/CachedData/f80445acd5a3dadef24aa209168452a3d97cc326
# environment
LOGNAME = lsinistr
# environment
APPLICATION_INSIGHTS_NO_DIAGNOSTIC_CHANNEL = 1
# environment
VSCODE_HANDLES_UNCAUGHT_ERRORS = true
# automatic
^D = $(patsubst %/,%,$(dir $^))
# environment
XPC_FLAGS = 0x0
# default
MAKE = $(MAKE_COMMAND)
# default
MAKECMDGOALS := all
# makefile (from `Makefile', line 3)
SRCS = main.cpp
# environment
SHLVL = 1
# makefile (from `Makefile', line 14)
CC = clang++
# default
MAKE_VERSION := 3.81
# environment
USER = lsinistr
# makefile
.DEFAULT_GOAL := all
# makefile (from `Makefile', line 1)
NAME = ft_container
# automatic
%D = $(patsubst %/,%,$(dir $%))
# default
MAKE_COMMAND := /Applications/Xcode.app/Contents/Developer/usr/bin/make
# default
.VARIABLES := 
# environment
TMPDIR = /var/folders/zz/zyxvpxvq6csfxvn_n0001n9h000d_c/T/
# automatic
*F = $(notdir $*)
# environment
VSCODE_IPC_HOOK = /Users/lsinistr/Library/Application Support/Code/1.64.2-main.sock
# makefile
MAKEFLAGS = Rrqp
# environment
MFLAGS = -Rrqp
# automatic
*D = $(patsubst %/,%,$(dir $*))
# environment
XPC_SERVICE_NAME = com.apple.xpc.launchd.oneshot.0x10000004.Electron
# automatic
+D = $(patsubst %/,%,$(dir $+))
# automatic
+F = $(notdir $+)
# environment
__CF_USER_TEXT_ENCODING = 0x354C:0x7:0x31
# environment
COMMAND_MODE = unix2003
# default
MAKEFILES := 
# automatic
<F = $(notdir $<)
# environment
LC_ALL = C
# makefile (from `Makefile', line 7)
HEADER = enable_if.hpp equal.hpp is_integral.hpp iterators_traits.hpp lexicographical_compare.hpp make_pair.hpp reverse_iterator.hpp conditional.hpp vector.hpp Red_Black_Tree_Iterator.hpp Red_Black_Tree.hpp map.hpp
# environment
SECURITYSESSIONID = 186b0
# automatic
^F = $(notdir $^)
# default
SUFFIXES := 
# makefile (from `Makefile', line 12)
FLAGS = -Wall -Wextra -Werror -g -std=c++98
# default
.INCLUDE_DIRS = /usr/local/include
# environment
MAKELEVEL := 0
# environment
LANG = C
# environment
VSCODE_PID = 15958
# variable set hash-table stats:
# Load=71/1024=7%, Rehash=0, Collisions=3/104=3%

# Pattern-specific Variable Values

# No pattern-specific variable values.

# Directories

# . (device 16777232, inode 3717357): 28 files, no impossibilities.

# 28 files, no impossibilities in 1 directories.

# Implicit Rules

%.o: %.cpp enable_if.hpp equal.hpp is_integral.hpp iterators_traits.hpp lexicographical_compare.hpp make_pair.hpp reverse_iterator.hpp conditional.hpp vector.hpp Red_Black_Tree_Iterator.hpp Red_Black_Tree.hpp map.hpp Makefile
#  commands to execute (from `Makefile', line 24):
	$(CC) $(FLAGS) -c $< -o $@
	

# 1 implicit rules, 0 (0.0%) terminal.

# Files

all: ft_container
#  Phony target (prerequisite of .PHONY).
#  Command-line target.
#  Implicit rule search has not been done.
#  File does not exist.
#  File has been updated.
#  Needs to be updated (-q is set).
# variable set hash-table stats:
# Load=0/32=0%, Rehash=0, Collisions=0/4=0%

# Not a target:
map.hpp:
#  Implicit rule search has been done.
#  Last modified 2022-03-17 16:17:20
#  File has been updated.
#  Successfully updated.
# variable set hash-table stats:
# Load=0/32=0%, Rehash=0, Collisions=0/0=0%

.PHONY: all clean fclean re
#  Implicit rule search has not been done.
#  Modification time never checked.
#  File has not been updated.

# Not a target:
.SUFFIXES:
#  Implicit rule search has not been done.
#  Modification time never checked.
#  File has not been updated.

# Not a target:
vector.hpp:
#  Implicit rule search has been done.
#  Last modified 2022-03-03 20:53:31
#  File has been updated.
#  Successfully updated.
# variable set hash-table stats:
# Load=0/32=0%, Rehash=0, Collisions=0/0=0%

# Not a target:
Makefile:
#  Implicit rule search has been done.
#  Last modified 2022-03-05 19:58:24
#  File has been updated.
#  Successfully updated.
# variable set hash-table stats:
# Load=0/32=0%, Rehash=0, Collisions=0/0=0%

# Not a target:
main.cpp:
#  Implicit rule search has been done.
#  Last modified 2022-03-04 11:07:45
#  File has been updated.
#  Successfully updated.
# variable set hash-table stats:
# Load=0/32=0%, Rehash=0, Collisions=0/0=0%

# Not a target:
conditional.hpp:
#  Implicit rule search has been done.
#  Last modified 2022-03-02 18:19:25
#  File has been updated.
#  Successfully updated.
# variable set hash-table stats:
# Load=0/32=0%, Rehash=0, Collisions=0/0=0%

fclean: clean
#  Phony target (prerequisite of .PHONY).
#  Implicit rule search has not been done.
#  File does not exist.
#  File has not been updated.
#  commands to execute (from `Makefile', line 30):
	$(RM) $(NAME)
	

# Not a target:
.DEFAULT:
#  Implicit rule search has not been done.
#  Modification time never checked.
#  File has not been updated.

# Not a target:
make_pair.hpp:
#  Implicit rule search has been done.
#  Last modified 2022-02-16 19:24:58
#  File has been updated.
#  Successfully updated.
# variable set hash-table stats:
# Load=0/32=0%, Rehash=0, Collisions=0/0=0%

re: fclean all
#  Phony target (prerequisite of .PHONY).
#  Implicit rule search has not been done.
#  File does not exist.
#  File has not been updated.

# Not a target:
Red_Black_Tree_Iterator.hpp:
#  Implicit rule search has been done.
#  Last modified 2022-03-05 19:59:30
#  File has been updated.
#  Successfully updated.
# variable set hash-table stats:
# Load=0/32=0%, Rehash=0, Collisions=0/0=0%

# Not a target:
reverse_iterator.hpp:
#  Implicit rule search has been done.
#  Last modified 2022-02-22 22:37:43
#  File has been updated.
#  Successfully updated.
# variable set hash-table stats:
# Load=0/32=0%, Rehash=0, Collisions=0/0=0%

clean:
#  Phony target (prerequisite of .PHONY).
#  Implicit rule search has not been done.
#  File does not exist.
#  File has not been updated.
#  commands to execute (from `Makefile', line 27):
	$(RM) $(OBJS)
	

ft_container: main.o
#  Implicit rule search has not been done.
#  Last modified 2022-03-19 21:57:08
#  File has been updated.
#  Needs to be updated (-q is set).
# variable set hash-table stats:
# Load=0/32=0%, Rehash=0, Collisions=0/4=0%
#  commands to execute (from `Makefile', line 21):
	$(CC) $(FLAGS) $(OBJS) -o $(NAME)
	

# Not a target:
is_integral.hpp:
#  Implicit rule search has been done.
#  Last modified 2022-02-13 19:03:48
#  File has been updated.
#  Successfully updated.
 
# variable set hash-table stats:
# Load=0/32=0%, Rehash=0, Collisions=0/0=0%

# Not a target:
iterators_traits.hpp:
#  Implicit rule search has been done.
#  Last modified 2022-02-22 20:13:25
#  File has been updated.
#  Successfully updated.
# variable set hash-table stats:
# Load=0/32=0%, Rehash=0, Collisions=0/0=0%

# Not a target:
equal.hpp:
#  Implicit rule search has been done.
#  Last modified 2022-02-16 19:21:35
#  File has been updated.
#  Successfully updated.
# variable set hash-table stats:
# Load=0/32=0%, Rehash=0, Collisions=0/0=0%

main.o: main.cpp enable_if.hpp equal.hpp is_integral.hpp iterators_traits.hpp lexicographical_compare.hpp make_pair.hpp reverse_iterator.hpp conditional.hpp vector.hpp Red_Black_Tree_Iterator.hpp Red_Black_Tree.hpp map.hpp Makefile
#  Implicit rule search has been done.
#  Implicit/static pattern stem: `main'
#  Last modified 2022-03-19 21:57:08
#  File has been updated.
#  Needs to be updated (-q is set).
# automatic
# @ := main.o
# automatic
# % := 
# automatic
# * := main
# automatic
# + := main.cpp enable_if.hpp equal.hpp is_integral.hpp iterators_traits.hpp lexicographical_compare.hpp make_pair.hpp reverse_iterator.hpp conditional.hpp vector.hpp Red_Black_Tree_Iterator.hpp Red_Black_Tree.hpp map.hpp Makefile
# automatic
# | := 
# automatic
# < := main.cpp
# automatic
# ^ := main.cpp enable_if.hpp equal.hpp is_integral.hpp iterators_traits.hpp lexicographical_compare.hpp make_pair.hpp reverse_iterator.hpp conditional.hpp vector.hpp Red_Black_Tree_Iterator.hpp Red_Black_Tree.hpp map.hpp Makefile
# automatic
# ? := Red_Black_Tree.hpp
# variable set hash-table stats:
# Load=8/32=25%, Rehash=0, Collisions=1/14=7%
#  commands to execute (from `Makefile', line 24):
	$(CC) $(FLAGS) -c $< -o $@
	

# Not a target:
Red_Black_Tree.hpp:
#  Implicit rule search has been done.
#  Last modified 2022-03-20 13:22:44
#  File has been updated.
#  Successfully updated.
# variable set hash-table stats:
# Load=0/32=0%, Rehash=0, Collisions=0/0=0%

# Not a target:
enable_if.hpp:
#  Implicit rule search has been done.
#  Last modified 2022-02-13 19:02:36
#  File has been updated.
#  Successfully updated.
# variable set hash-table stats:
# Load=0/32=0%, Rehash=0, Collisions=0/0=0%

# Not a target:
lexicographical_compare.hpp:
#  Implicit rule search has been done.
#  Last modified 2022-02-13 16:18:18
#  File has been updated.
#  Successfully updated.
# variable set hash-table stats:
# Load=0/32=0%, Rehash=0, Collisions=0/0=0%

# files hash-table stats:
# Load=23/1024=2%, Rehash=0, Collisions=3/74=4%
# VPATH Search Paths

# No `vpath' search paths.

# No general (`VPATH' variable) search path.

# # of strings in strcache: 1
# # of strcache buffers: 1
# strcache size: total = 4096 / max = 4096 / min = 4096 / avg = 4096
# strcache free: total = 4087 / max = 4087 / min = 4087 / avg = 4087

# Finished Make data base on Thu Mar 24 18:33:17 2022

 
